<?xml version="1.0" encoding="UTF-8"?>
<testsuite name="Tests" tests="8" errors="0" failures="0" skipped="0" time="29.909" timestamp="2022-11-20T14:22:03.543000">
<testsuite name="Geeks" tests="2" errors="0" failures="0" skipped="0" time="13.141" timestamp="2022-11-20T14:22:03.571000">
<testcase classname="Tests.Geeks" name="Be a geek" time="4.347">
</testcase>
<testcase classname="Tests.Geeks" name="Get Geek List" time="8.609">
</testcase>
<properties>
<property name="Documentation" value="Geek route test suite"/>
</properties>
</testsuite>
<testsuite name="Sessions" tests="2" errors="0" failures="0" skipped="0" time="6.424" timestamp="2022-11-20T14:22:16.723000">
<testcase classname="Tests.Sessions" name="User session" time="1.502">
</testcase>
<testcase classname="Tests.Sessions" name="Should Not Get token" time="4.883">
</testcase>
<properties>
<property name="Documentation" value="Session route test suite"/>
</properties>
</testsuite>
<testsuite name="Users" tests="4" errors="0" failures="0" skipped="0" time="10.295" timestamp="2022-11-20T14:22:23.150000">
<testcase classname="Tests.Users" name="Add new user" time="2.133">
</testcase>
<testcase classname="Tests.Users" name="Get user data" time="2.214">
</testcase>
<testcase classname="Tests.Users" name="Remove user" time="2.989">
</testcase>
<testcase classname="Tests.Users" name="Update a user" time="2.927">
</testcase>
<properties>
<property name="Documentation" value="Users route test suite"/>
</properties>
</testsuite>
</testsuite>
